<?xml version="1.0" encoding="UTF-8"?>
<testsuite name="br.com.fiap.mottu.controller.MapGlobalControllerTest" tests="3" skipped="0" failures="0" errors="0" timestamp="2025-10-24T18:25:17.287Z" hostname="DESKTOP-DUOPB4M" time="2.426">
  <properties/>
  <testcase name="buscarTodosPatios_DeveRetornarListaDePatios()" classname="br.com.fiap.mottu.controller.MapGlobalControllerTest" time="2.36"/>
  <testcase name="buscarPatiosPorCidade_DeveRetornarPatiosDaCidade()" classname="br.com.fiap.mottu.controller.MapGlobalControllerTest" time="0.042"/>
  <testcase name="invalidarCache_DeveRetornarSucesso()" classname="br.com.fiap.mottu.controller.MapGlobalControllerTest" time="0.021"/>
  <system-out><![CDATA[15:25:18.670 [Test worker] INFO org.hibernate.validator.internal.util.Version -- HV000001: Hibernate Validator 8.0.2.Final
15:25:19.438 [Test worker] INFO org.springframework.mock.web.MockServletContext -- Initializing Spring TestDispatcherServlet ''
15:25:19.439 [Test worker] INFO org.springframework.test.web.servlet.TestDispatcherServlet -- Initializing Servlet ''
15:25:19.442 [Test worker] INFO org.springframework.test.web.servlet.TestDispatcherServlet -- Completed initialization in 2 ms
15:25:19.519 [Test worker] INFO br.com.fiap.mottu.controller.MapGlobalController -- ]]>&#x1f5fa;<![CDATA[️ MapGlobalController: Buscando todos os pátios para mapa global
15:25:19.522 [Test worker] INFO br.com.fiap.mottu.controller.MapGlobalController -- ✅ MapGlobalController: Retornando 1 pátios
15:25:19.665 [Test worker] INFO org.springframework.mock.web.MockServletContext -- Initializing Spring TestDispatcherServlet ''
15:25:19.665 [Test worker] INFO org.springframework.test.web.servlet.TestDispatcherServlet -- Initializing Servlet ''
15:25:19.665 [Test worker] INFO org.springframework.test.web.servlet.TestDispatcherServlet -- Completed initialization in 0 ms
15:25:19.684 [Test worker] INFO br.com.fiap.mottu.controller.MapGlobalController -- ]]>&#x1f5fa;<![CDATA[️ MapGlobalController: Buscando pátios na cidade: São Paulo
15:25:19.686 [Test worker] INFO br.com.fiap.mottu.controller.MapGlobalController -- ✅ MapGlobalController: Retornando 1 pátios na cidade São Paulo
15:25:19.705 [Test worker] INFO org.springframework.mock.web.MockServletContext -- Initializing Spring TestDispatcherServlet ''
15:25:19.705 [Test worker] INFO org.springframework.test.web.servlet.TestDispatcherServlet -- Initializing Servlet ''
15:25:19.705 [Test worker] INFO org.springframework.test.web.servlet.TestDispatcherServlet -- Completed initialization in 0 ms
15:25:19.706 [Test worker] INFO br.com.fiap.mottu.controller.MapGlobalController -- ]]>&#x1f5d1;<![CDATA[️ MapGlobalController: Invalidando cache do mapa global
]]></system-out>
  <system-err><![CDATA[Mockito is currently self-attaching to enable the inline-mock-maker. This will no longer work in future releases of the JDK. Please add Mockito as an agent to your build as described in Mockito's documentation: https://javadoc.io/doc/org.mockito/mockito-core/latest/org.mockito/org/mockito/Mockito.html#0.3
WARNING: A Java agent has been loaded dynamically (C:\Users\paulo\.gradle\caches\modules-2\files-2.1\net.bytebuddy\byte-buddy-agent\1.17.6\17b32fd9f57deef02842f7f05abc4ad8127fe34e\byte-buddy-agent-1.17.6.jar)
WARNING: If a serviceability tool is in use, please run with -XX:+EnableDynamicAgentLoading to hide this warning
WARNING: If a serviceability tool is not in use, please run with -Djdk.instrument.traceUsage for more information
WARNING: Dynamic loading of agents will be disallowed by default in a future release
]]></system-err>
</testsuite>
